2021-02-22 08:23:26,625 INFO Set uid to user 0 succeeded
2021-02-22 08:23:26,626 INFO supervisord started with pid 16
2021-02-22 08:23:27,628 INFO spawned: 'php' with pid 18
2021-02-22 08:23:29,237 INFO success: php entered RUNNING state, process has stayed up for > than 1 seconds (startsecs)
2021-02-22 10:02:53,531 INFO Set uid to user 0 succeeded
2021-02-22 10:02:53,532 INFO supervisord started with pid 16
2021-02-22 10:02:54,537 INFO spawned: 'php' with pid 18
2021-02-22 10:02:56,143 INFO success: php entered RUNNING state, process has stayed up for > than 1 seconds (startsecs)
2021-02-22 10:05:24,100 INFO Set uid to user 0 succeeded
2021-02-22 10:05:24,102 INFO supervisord started with pid 16
2021-02-22 10:05:25,104 INFO spawned: 'php' with pid 18
2021-02-22 10:05:26,707 INFO success: php entered RUNNING state, process has stayed up for > than 1 seconds (startsecs)
2021-02-22 10:17:25,038 INFO Set uid to user 0 succeeded
2021-02-22 10:17:25,040 INFO supervisord started with pid 16
2021-02-22 10:17:26,043 INFO spawned: 'php' with pid 18
2021-02-22 10:17:27,690 INFO success: php entered RUNNING state, process has stayed up for > than 1 seconds (startsecs)
2021-02-23 11:10:26,976 INFO Set uid to user 0 succeeded
2021-02-23 11:10:26,985 INFO supervisord started with pid 18
2021-02-23 11:10:27,992 INFO spawned: 'php' with pid 20
2021-02-23 11:10:29,001 INFO success: php entered RUNNING state, process has stayed up for > than 1 seconds (startsecs)
2021-02-23 12:03:56,962 INFO Set uid to user 0 succeeded
2021-02-23 12:03:56,981 INFO supervisord started with pid 18
2021-02-23 12:03:57,989 INFO spawned: 'php' with pid 20
2021-02-23 12:03:58,993 INFO success: php entered RUNNING state, process has stayed up for > than 1 seconds (startsecs)
2021-02-23 13:22:39,932 INFO Set uid to user 0 succeeded
2021-02-23 13:22:39,938 INFO supervisord started with pid 16
2021-02-23 13:22:40,943 INFO spawned: 'php' with pid 18
2021-02-23 13:22:41,946 INFO success: php entered RUNNING state, process has stayed up for > than 1 seconds (startsecs)
2021-02-23 13:26:31,502 INFO Set uid to user 0 succeeded
2021-02-23 13:26:31,512 INFO supervisord started with pid 17
2021-02-23 13:26:32,520 INFO spawned: 'php' with pid 19
2021-02-23 13:26:33,964 INFO success: php entered RUNNING state, process has stayed up for > than 1 seconds (startsecs)
2021-02-23 13:28:40,791 INFO Set uid to user 0 succeeded
2021-02-23 13:28:40,809 INFO supervisord started with pid 15
2021-02-23 13:28:41,812 INFO spawned: 'php' with pid 17
2021-02-23 13:28:42,815 INFO success: php entered RUNNING state, process has stayed up for > than 1 seconds (startsecs)
2021-02-23 16:10:14,726 INFO exited: php (terminated by SIGTERM; not expected)
2021-02-23 16:10:14,864 WARN received SIGTERM indicating exit request
2021-02-24 06:51:31,099 INFO Set uid to user 0 succeeded
2021-02-24 06:51:31,122 INFO supervisord started with pid 17
2021-02-24 06:51:32,140 INFO spawned: 'php' with pid 19
2021-02-24 06:51:33,172 INFO success: php entered RUNNING state, process has stayed up for > than 1 seconds (startsecs)
2021-02-24 08:39:47,303 INFO Set uid to user 0 succeeded
2021-02-24 08:39:47,319 INFO supervisord started with pid 18
2021-02-24 08:39:48,334 INFO spawned: 'php' with pid 20
2021-02-24 08:39:49,365 INFO success: php entered RUNNING state, process has stayed up for > than 1 seconds (startsecs)
2021-02-24 08:43:28,445 INFO exited: php (terminated by SIGTERM; not expected)
2021-02-24 08:43:28,492 WARN received SIGTERM indicating exit request
2021-02-24 08:45:29,409 INFO Set uid to user 0 succeeded
2021-02-24 08:45:29,425 INFO supervisord started with pid 17
2021-02-24 08:45:30,587 INFO spawned: 'php' with pid 19
2021-02-24 08:45:31,595 INFO success: php entered RUNNING state, process has stayed up for > than 1 seconds (startsecs)
2021-02-24 08:51:03,908 INFO Set uid to user 0 succeeded
2021-02-24 08:51:03,915 INFO supervisord started with pid 17
2021-02-24 08:51:04,920 INFO spawned: 'php' with pid 19
2021-02-24 08:51:06,266 INFO success: php entered RUNNING state, process has stayed up for > than 1 seconds (startsecs)
2021-02-24 08:54:22,254 INFO Set uid to user 0 succeeded
2021-02-24 08:54:22,266 INFO supervisord started with pid 16
2021-02-24 08:54:23,269 INFO spawned: 'php' with pid 18
2021-02-24 08:54:24,272 INFO success: php entered RUNNING state, process has stayed up for > than 1 seconds (startsecs)
2021-02-24 08:55:58,518 INFO Set uid to user 0 succeeded
2021-02-24 08:55:58,541 INFO supervisord started with pid 16
2021-02-24 08:55:59,546 INFO spawned: 'php' with pid 18
2021-02-24 08:56:01,001 INFO success: php entered RUNNING state, process has stayed up for > than 1 seconds (startsecs)
2021-02-24 08:58:30,219 INFO Set uid to user 0 succeeded
2021-02-24 08:58:30,236 INFO supervisord started with pid 18
2021-02-24 08:58:31,240 INFO spawned: 'php' with pid 20
2021-02-24 08:58:32,248 INFO success: php entered RUNNING state, process has stayed up for > than 1 seconds (startsecs)
